  Refracao_V10.c
C:\Users\Felipe\Desktop\Programacao2\earth_atm_light_refraction_simulator\Project10\Project10\Refracao_V10.c(1099,22): warning C4244: 'função': conversão de 'double' para 'int', possível perda de dados
C:\Users\Felipe\Desktop\Programacao2\earth_atm_light_refraction_simulator\Project10\Project10\Refracao_V10.c(1099,26): warning C4244: 'função': conversão de 'double' para 'int', possível perda de dados
C:\Users\Felipe\Desktop\Programacao2\earth_atm_light_refraction_simulator\Project10\Project10\Refracao_V10.c(1099,30): warning C4244: 'função': conversão de 'double' para 'int', possível perda de dados
C:\Users\Felipe\Desktop\Programacao2\earth_atm_light_refraction_simulator\Project10\Project10\Refracao_V10.c(1099,34): warning C4244: 'função': conversão de 'double' para 'int', possível perda de dados
C:\Users\Felipe\Desktop\Programacao2\earth_atm_light_refraction_simulator\Project10\Project10\Refracao_V10.c(1066,17): warning C4101: 'zi': variável local não referenciada
C:\Users\Felipe\Desktop\Programacao2\earth_atm_light_refraction_simulator\Project10\Project10\Refracao_V10.c(1066,29): warning C4101: 'zf': variável local não referenciada
C:\Users\Felipe\Desktop\Programacao2\earth_atm_light_refraction_simulator\Project10\Project10\Refracao_V10.c(1135,30): warning C4244: 'função': conversão de 'double' para 'int', possível perda de dados
C:\Users\Felipe\Desktop\Programacao2\earth_atm_light_refraction_simulator\Project10\Project10\Refracao_V10.c(1135,40): warning C4244: 'função': conversão de 'double' para 'int', possível perda de dados
C:\Users\Felipe\Desktop\Programacao2\earth_atm_light_refraction_simulator\Project10\Project10\Refracao_V10.c(1135,44): warning C4244: 'função': conversão de 'double' para 'int', possível perda de dados
C:\Users\Felipe\Desktop\Programacao2\earth_atm_light_refraction_simulator\Project10\Project10\Refracao_V10.c(1146,17): warning C4244: '=': conversão de 'double' para 'int', possível perda de dados
C:\Users\Felipe\Desktop\Programacao2\earth_atm_light_refraction_simulator\Project10\Project10\Refracao_V10.c(1149,31): warning C4244: 'função': conversão de 'double' para 'int', possível perda de dados
C:\Users\Felipe\Desktop\Programacao2\earth_atm_light_refraction_simulator\Project10\Project10\Refracao_V10.c(1149,41): warning C4244: 'função': conversão de 'double' para 'int', possível perda de dados
C:\Users\Felipe\Desktop\Programacao2\earth_atm_light_refraction_simulator\Project10\Project10\Refracao_V10.c(1149,45): warning C4244: 'função': conversão de 'double' para 'int', possível perda de dados
C:\Users\Felipe\Desktop\Programacao2\earth_atm_light_refraction_simulator\Project10\Project10\Refracao_V10.c(1160,17): warning C4244: '=': conversão de 'double' para 'int', possível perda de dados
C:\Users\Felipe\Desktop\Programacao2\earth_atm_light_refraction_simulator\Project10\Project10\Refracao_V10.c(1165,31): warning C4244: 'função': conversão de 'double' para 'int', possível perda de dados
C:\Users\Felipe\Desktop\Programacao2\earth_atm_light_refraction_simulator\Project10\Project10\Refracao_V10.c(1165,41): warning C4244: 'função': conversão de 'double' para 'int', possível perda de dados
C:\Users\Felipe\Desktop\Programacao2\earth_atm_light_refraction_simulator\Project10\Project10\Refracao_V10.c(1165,45): warning C4244: 'função': conversão de 'double' para 'int', possível perda de dados
C:\Users\Felipe\Desktop\Programacao2\earth_atm_light_refraction_simulator\Project10\Project10\Refracao_V10.c(1173,30): warning C4244: 'função': conversão de 'double' para 'int', possível perda de dados
C:\Users\Felipe\Desktop\Programacao2\earth_atm_light_refraction_simulator\Project10\Project10\Refracao_V10.c(1173,40): warning C4244: 'função': conversão de 'double' para 'int', possível perda de dados
C:\Users\Felipe\Desktop\Programacao2\earth_atm_light_refraction_simulator\Project10\Project10\Refracao_V10.c(1173,44): warning C4244: 'função': conversão de 'double' para 'int', possível perda de dados
C:\Users\Felipe\Desktop\Programacao2\earth_atm_light_refraction_simulator\Project10\Project10\Refracao_V10.c(1293,41): warning C4244: 'função': conversão de 'double' para 'int', possível perda de dados
C:\Users\Felipe\Desktop\Programacao2\earth_atm_light_refraction_simulator\Project10\Project10\Refracao_V10.c(1293,54): warning C4244: 'função': conversão de 'double' para 'int', possível perda de dados
C:\Users\Felipe\Desktop\Programacao2\earth_atm_light_refraction_simulator\Project10\Project10\Refracao_V10.c(1320,40): warning C4244: 'função': conversão de 'double' para 'int', possível perda de dados
C:\Users\Felipe\Desktop\Programacao2\earth_atm_light_refraction_simulator\Project10\Project10\Refracao_V10.c(1320,53): warning C4244: 'função': conversão de 'double' para 'int', possível perda de dados
C:\Users\Felipe\Desktop\Programacao2\earth_atm_light_refraction_simulator\Project10\Project10\Refracao_V10.c(1320,66): warning C4244: 'função': conversão de 'double' para 'int', possível perda de dados
  Project10.vcxproj -> C:\Users\Felipe\Desktop\Programacao2\earth_atm_light_refraction_simulator\Project10\x64\Debug\Project10.exe
