  teste.c
C:\Users\Felipe\Desktop\Programacao2\Project1\Project1\teste.c(52,19): warning C4101: 'nray2': variável local não referenciada
C:\Users\Felipe\Desktop\Programacao2\Project1\Project1\teste.c(55,27): warning C4101: 'L_ray2': variável local não referenciada
C:\Users\Felipe\Desktop\Programacao2\Project1\Project1\teste.c(201,1): warning C4029: lista de parâmetros formais declarada diferente da definição
C:\Users\Felipe\Desktop\Programacao2\Project1\Project1\teste.c(531,22): warning C4244: 'função': conversão de 'double' para 'int', possível perda de dados
C:\Users\Felipe\Desktop\Programacao2\Project1\Project1\teste.c(531,26): warning C4244: 'função': conversão de 'double' para 'int', possível perda de dados
C:\Users\Felipe\Desktop\Programacao2\Project1\Project1\teste.c(531,30): warning C4244: 'função': conversão de 'double' para 'int', possível perda de dados
C:\Users\Felipe\Desktop\Programacao2\Project1\Project1\teste.c(531,34): warning C4244: 'função': conversão de 'double' para 'int', possível perda de dados
C:\Users\Felipe\Desktop\Programacao2\Project1\Project1\teste.c(489,17): warning C4101: 'zi': variável local não referenciada
C:\Users\Felipe\Desktop\Programacao2\Project1\Project1\teste.c(489,29): warning C4101: 'zf': variável local não referenciada
C:\Users\Felipe\Desktop\Programacao2\Project1\Project1\teste.c(568,26): warning C4244: 'função': conversão de 'double' para 'int', possível perda de dados
C:\Users\Felipe\Desktop\Programacao2\Project1\Project1\teste.c(568,33): warning C4244: 'função': conversão de 'double' para 'int', possível perda de dados
C:\Users\Felipe\Desktop\Programacao2\Project1\Project1\teste.c(568,38): warning C4244: 'função': conversão de 'double' para 'int', possível perda de dados
C:\Users\Felipe\Desktop\Programacao2\Project1\Project1\teste.c(606,17): warning C4244: '=': conversão de 'double' para 'int', possível perda de dados
C:\Users\Felipe\Desktop\Programacao2\Project1\Project1\teste.c(610,28): warning C4244: 'função': conversão de 'double' para 'int', possível perda de dados
C:\Users\Felipe\Desktop\Programacao2\Project1\Project1\teste.c(610,35): warning C4244: 'função': conversão de 'double' para 'int', possível perda de dados
C:\Users\Felipe\Desktop\Programacao2\Project1\Project1\teste.c(610,49): warning C4244: 'função': conversão de 'double' para 'int', possível perda de dados
C:\Users\Felipe\Desktop\Programacao2\Project1\Project1\teste.c(615,27): warning C4244: 'função': conversão de 'double' para 'int', possível perda de dados
C:\Users\Felipe\Desktop\Programacao2\Project1\Project1\teste.c(615,34): warning C4244: 'função': conversão de 'double' para 'int', possível perda de dados
C:\Users\Felipe\Desktop\Programacao2\Project1\Project1\teste.c(615,39): warning C4244: 'função': conversão de 'double' para 'int', possível perda de dados
C:\Users\Felipe\Desktop\Programacao2\Project1\Project1\teste.c(745,41): warning C4244: 'função': conversão de 'double' para 'int', possível perda de dados
C:\Users\Felipe\Desktop\Programacao2\Project1\Project1\teste.c(745,54): warning C4244: 'função': conversão de 'double' para 'int', possível perda de dados
  Project1.vcxproj -> C:\Users\Felipe\Desktop\Programacao2\Project1\x64\Debug\Project1.exe
