  Refracao4.c
C:\Users\Felipe\Desktop\Programacao2\Project4\Project4\Refracao4.c(50,23): warning C4101: 'point': variável local não referenciada
C:\Users\Felipe\Desktop\Programacao2\Project4\Project4\Refracao4.c(514,22): warning C4244: 'função': conversão de 'double' para 'int', possível perda de dados
C:\Users\Felipe\Desktop\Programacao2\Project4\Project4\Refracao4.c(514,26): warning C4244: 'função': conversão de 'double' para 'int', possível perda de dados
C:\Users\Felipe\Desktop\Programacao2\Project4\Project4\Refracao4.c(514,30): warning C4244: 'função': conversão de 'double' para 'int', possível perda de dados
C:\Users\Felipe\Desktop\Programacao2\Project4\Project4\Refracao4.c(514,34): warning C4244: 'função': conversão de 'double' para 'int', possível perda de dados
C:\Users\Felipe\Desktop\Programacao2\Project4\Project4\Refracao4.c(479,17): warning C4101: 'zi': variável local não referenciada
C:\Users\Felipe\Desktop\Programacao2\Project4\Project4\Refracao4.c(479,29): warning C4101: 'zf': variável local não referenciada
C:\Users\Felipe\Desktop\Programacao2\Project4\Project4\Refracao4.c(556,29): warning C4244: 'função': conversão de 'double' para 'int', possível perda de dados
C:\Users\Felipe\Desktop\Programacao2\Project4\Project4\Refracao4.c(556,39): warning C4244: 'função': conversão de 'double' para 'int', possível perda de dados
C:\Users\Felipe\Desktop\Programacao2\Project4\Project4\Refracao4.c(556,43): warning C4244: 'função': conversão de 'double' para 'int', possível perda de dados
C:\Users\Felipe\Desktop\Programacao2\Project4\Project4\Refracao4.c(616,17): warning C4244: '=': conversão de 'double' para 'int', possível perda de dados
C:\Users\Felipe\Desktop\Programacao2\Project4\Project4\Refracao4.c(619,30): warning C4244: 'função': conversão de 'double' para 'int', possível perda de dados
C:\Users\Felipe\Desktop\Programacao2\Project4\Project4\Refracao4.c(619,40): warning C4244: 'função': conversão de 'double' para 'int', possível perda de dados
C:\Users\Felipe\Desktop\Programacao2\Project4\Project4\Refracao4.c(619,44): warning C4244: 'função': conversão de 'double' para 'int', possível perda de dados
C:\Users\Felipe\Desktop\Programacao2\Project4\Project4\Refracao4.c(624,29): warning C4244: 'função': conversão de 'double' para 'int', possível perda de dados
C:\Users\Felipe\Desktop\Programacao2\Project4\Project4\Refracao4.c(624,39): warning C4244: 'função': conversão de 'double' para 'int', possível perda de dados
C:\Users\Felipe\Desktop\Programacao2\Project4\Project4\Refracao4.c(624,43): warning C4244: 'função': conversão de 'double' para 'int', possível perda de dados
C:\Users\Felipe\Desktop\Programacao2\Project4\Project4\Refracao4.c(813,24): warning C4244: 'função': conversão de 'double' para 'int', possível perda de dados
C:\Users\Felipe\Desktop\Programacao2\Project4\Project4\Refracao4.c(813,36): warning C4244: 'função': conversão de 'double' para 'int', possível perda de dados
  Project4.vcxproj -> C:\Users\Felipe\Desktop\Programacao2\Project4\x64\Debug\Project4.exe
