  refracao_v7.c
C:\Users\Felipe\Desktop\Programacao2\Project7\Project7\refracao_v7.c(727,22): warning C4244: 'função': conversão de 'double' para 'int', possível perda de dados
C:\Users\Felipe\Desktop\Programacao2\Project7\Project7\refracao_v7.c(727,26): warning C4244: 'função': conversão de 'double' para 'int', possível perda de dados
C:\Users\Felipe\Desktop\Programacao2\Project7\Project7\refracao_v7.c(727,30): warning C4244: 'função': conversão de 'double' para 'int', possível perda de dados
C:\Users\Felipe\Desktop\Programacao2\Project7\Project7\refracao_v7.c(727,34): warning C4244: 'função': conversão de 'double' para 'int', possível perda de dados
C:\Users\Felipe\Desktop\Programacao2\Project7\Project7\refracao_v7.c(694,17): warning C4101: 'zi': variável local não referenciada
C:\Users\Felipe\Desktop\Programacao2\Project7\Project7\refracao_v7.c(694,29): warning C4101: 'zf': variável local não referenciada
C:\Users\Felipe\Desktop\Programacao2\Project7\Project7\refracao_v7.c(761,30): warning C4244: 'função': conversão de 'double' para 'int', possível perda de dados
C:\Users\Felipe\Desktop\Programacao2\Project7\Project7\refracao_v7.c(761,40): warning C4244: 'função': conversão de 'double' para 'int', possível perda de dados
C:\Users\Felipe\Desktop\Programacao2\Project7\Project7\refracao_v7.c(761,44): warning C4244: 'função': conversão de 'double' para 'int', possível perda de dados
C:\Users\Felipe\Desktop\Programacao2\Project7\Project7\refracao_v7.c(772,17): warning C4244: '=': conversão de 'double' para 'int', possível perda de dados
C:\Users\Felipe\Desktop\Programacao2\Project7\Project7\refracao_v7.c(775,31): warning C4244: 'função': conversão de 'double' para 'int', possível perda de dados
C:\Users\Felipe\Desktop\Programacao2\Project7\Project7\refracao_v7.c(775,41): warning C4244: 'função': conversão de 'double' para 'int', possível perda de dados
C:\Users\Felipe\Desktop\Programacao2\Project7\Project7\refracao_v7.c(775,45): warning C4244: 'função': conversão de 'double' para 'int', possível perda de dados
C:\Users\Felipe\Desktop\Programacao2\Project7\Project7\refracao_v7.c(786,17): warning C4244: '=': conversão de 'double' para 'int', possível perda de dados
C:\Users\Felipe\Desktop\Programacao2\Project7\Project7\refracao_v7.c(791,31): warning C4244: 'função': conversão de 'double' para 'int', possível perda de dados
C:\Users\Felipe\Desktop\Programacao2\Project7\Project7\refracao_v7.c(791,41): warning C4244: 'função': conversão de 'double' para 'int', possível perda de dados
C:\Users\Felipe\Desktop\Programacao2\Project7\Project7\refracao_v7.c(791,45): warning C4244: 'função': conversão de 'double' para 'int', possível perda de dados
C:\Users\Felipe\Desktop\Programacao2\Project7\Project7\refracao_v7.c(799,30): warning C4244: 'função': conversão de 'double' para 'int', possível perda de dados
C:\Users\Felipe\Desktop\Programacao2\Project7\Project7\refracao_v7.c(799,40): warning C4244: 'função': conversão de 'double' para 'int', possível perda de dados
C:\Users\Felipe\Desktop\Programacao2\Project7\Project7\refracao_v7.c(799,44): warning C4244: 'função': conversão de 'double' para 'int', possível perda de dados
C:\Users\Felipe\Desktop\Programacao2\Project7\Project7\refracao_v7.c(919,41): warning C4244: 'função': conversão de 'double' para 'int', possível perda de dados
C:\Users\Felipe\Desktop\Programacao2\Project7\Project7\refracao_v7.c(919,54): warning C4244: 'função': conversão de 'double' para 'int', possível perda de dados
C:\Users\Felipe\Desktop\Programacao2\Project7\Project7\refracao_v7.c(946,40): warning C4244: 'função': conversão de 'double' para 'int', possível perda de dados
C:\Users\Felipe\Desktop\Programacao2\Project7\Project7\refracao_v7.c(946,53): warning C4244: 'função': conversão de 'double' para 'int', possível perda de dados
C:\Users\Felipe\Desktop\Programacao2\Project7\Project7\refracao_v7.c(946,66): warning C4244: 'função': conversão de 'double' para 'int', possível perda de dados
  Project7.vcxproj -> C:\Users\Felipe\Desktop\Programacao2\Project7\x64\Debug\Project7.exe
